# JRE version: Java(TM) SE Runtime Environment (17.0.6+9) (build 17.0.6+9-LTS-190)
# Java VM: Java HotSpot(TM) 64-Bit Server VM (17.0.6+9-LTS-190, mixed mode, sharing, tiered, compressed oops, compressed class ptrs, g1 gc, windows-amd64)
GC Precious Log:
 CPUs: 4 total, 4 available
 Memory: 16328M
 Large Page Support: Disabled
 NUMA Support: Disabled
 Compressed Oops: Enabled (32-bit)
 Heap Region Size: 1M
 Heap Min Capacity: 8M
 Heap Initial Capacity: 256M
 Heap Max Capacity: 512M
 Pre-touch: Disabled
 Parallel Workers: 4
 Concurrent Workers: 1
 Concurrent Refinement Workers: 4
 Periodic GC: Disabled
Heap:
 garbage-first heap   total 157696K, used 112307K [0x00000000e0000000, 0x0000000100000000)
  region size 1024K, 51 young (52224K), 1 survivors (1024K)
 Metaspace       used 36550K, committed 36864K, reserved 1089536K
  class space    used 4351K, committed 4480K, reserved 1048576K
GC Heap History (20 events):
Event: 0.675 GC heap before
{Heap before GC invocations=1 (full 0):
 garbage-first heap   total 262144K, used 16463K [0x00000000e0000000, 0x0000000100000000)
  region size 1024K, 15 young (15360K), 2 survivors (2048K)
 Metaspace       used 6445K, committed 6656K, reserved 1056768K
  class space    used 600K, committed 704K, reserved 1048576K
}
Event: 0.678 GC heap after
{Heap after GC invocations=2 (full 0):
 garbage-first heap   total 262144K, used 6467K [0x00000000e0000000, 0x0000000100000000)
  region size 1024K, 2 young (2048K), 2 survivors (2048K)
 Metaspace       used 6445K, committed 6656K, reserved 1056768K
  class space    used 600K, committed 704K, reserved 1048576K
}
Event: 1.244 GC heap before
{Heap before GC invocations=2 (full 0):
 garbage-first heap   total 262144K, used 32067K [0x00000000e0000000, 0x0000000100000000)
  region size 1024K, 27 young (27648K), 2 survivors (2048K)
 Metaspace       used 12582K, committed 12800K, reserved 1064960K
  class space    used 1342K, committed 1472K, reserved 1048576K
}
Event: 1.252 GC heap after
{Heap after GC invocations=3 (full 0):
 garbage-first heap   total 262144K, used 13208K [0x00000000e0000000, 0x0000000100000000)
  region size 1024K, 4 young (4096K), 4 survivors (4096K)
 Metaspace       used 12582K, committed 12800K, reserved 1064960K
  class space    used 1342K, committed 1472K, reserved 1048576K
}
Event: 2.276 GC heap before
{Heap before GC invocations=3 (full 0):
 garbage-first heap   total 262144K, used 102296K [0x00000000e0000000, 0x0000000100000000)
  region size 1024K, 91 young (93184K), 4 survivors (4096K)
 Metaspace       used 16767K, committed 17024K, reserved 1064960K
  class space    used 1743K, committed 1856K, reserved 1048576K
}
Event: 2.295 GC heap after
{Heap after GC invocations=4 (full 0):
 garbage-first heap   total 262144K, used 38231K [0x00000000e0000000, 0x0000000100000000)
  region size 1024K, 12 young (12288K), 12 survivors (12288K)
 Metaspace       used 16767K, committed 17024K, reserved 1064960K
  class space    used 1743K, committed 1856K, reserved 1048576K
}
Event: 2.629 GC heap before
{Heap before GC invocations=4 (full 0):
 garbage-first heap   total 262144K, used 60759K [0x00000000e0000000, 0x0000000100000000)
  region size 1024K, 34 young (34816K), 12 survivors (12288K)
 Metaspace       used 18505K, committed 18752K, reserved 1073152K
  class space    used 1999K, committed 2112K, reserved 1048576K
}
Event: 2.642 GC heap after
{Heap after GC invocations=5 (full 0):
 garbage-first heap   total 262144K, used 42470K [0x00000000e0000000, 0x0000000100000000)
  region size 1024K, 4 young (4096K), 4 survivors (4096K)
 Metaspace       used 18505K, committed 18752K, reserved 1073152K
  class space    used 1999K, committed 2112K, reserved 1048576K
}
Event: 3.040 GC heap before
{Heap before GC invocations=5 (full 0):
 garbage-first heap   total 262144K, used 68070K [0x00000000e0000000, 0x0000000100000000)
  region size 1024K, 30 young (30720K), 4 survivors (4096K)
 Metaspace       used 21274K, committed 21504K, reserved 1073152K
  class space    used 2339K, committed 2432K, reserved 1048576K
}
Event: 3.048 GC heap after
{Heap after GC invocations=6 (full 0):
 garbage-first heap   total 262144K, used 45273K [0x00000000e0000000, 0x0000000100000000)
  region size 1024K, 7 young (7168K), 7 survivors (7168K)
 Metaspace       used 21274K, committed 21504K, reserved 1073152K
  class space    used 2339K, committed 2432K, reserved 1048576K
}
Event: 4.222 GC heap before
{Heap before GC invocations=7 (full 0):
 garbage-first heap   total 157696K, used 125145K [0x00000000e0000000, 0x0000000100000000)
  region size 1024K, 86 young (88064K), 7 survivors (7168K)
 Metaspace       used 26187K, committed 26432K, reserved 1073152K
  class space    used 2971K, committed 3072K, reserved 1048576K
}
Event: 4.233 GC heap after
{Heap after GC invocations=8 (full 0):
 garbage-first heap   total 157696K, used 54272K [0x00000000e0000000, 0x0000000100000000)
  region size 1024K, 15 young (15360K), 15 survivors (15360K)
 Metaspace       used 26187K, committed 26432K, reserved 1073152K
  class space    used 2971K, committed 3072K, reserved 1048576K
}
Event: 4.247 GC heap before
{Heap before GC invocations=8 (full 0):
 garbage-first heap   total 157696K, used 55296K [0x00000000e0000000, 0x0000000100000000)
  region size 1024K, 16 young (16384K), 15 survivors (15360K)
 Metaspace       used 26294K, committed 26560K, reserved 1073152K
  class space    used 2982K, committed 3072K, reserved 1048576K
}
Event: 4.258 GC heap after
{Heap after GC invocations=9 (full 0):
 garbage-first heap   total 157696K, used 46430K [0x00000000e0000000, 0x0000000100000000)
  region size 1024K, 2 young (2048K), 2 survivors (2048K)
 Metaspace       used 26294K, committed 26560K, reserved 1073152K
  class space    used 2982K, committed 3072K, reserved 1048576K
}
Event: 4.869 GC heap before
{Heap before GC invocations=9 (full 0):
 garbage-first heap   total 157696K, used 110942K [0x00000000e0000000, 0x0000000100000000)
  region size 1024K, 65 young (66560K), 2 survivors (2048K)
 Metaspace       used 30243K, committed 30528K, reserved 1081344K
  class space    used 3443K, committed 3584K, reserved 1048576K
}
Event: 4.876 GC heap after
{Heap after GC invocations=10 (full 0):
 garbage-first heap   total 157696K, used 51550K [0x00000000e0000000, 0x0000000100000000)
  region size 1024K, 7 young (7168K), 7 survivors (7168K)
 Metaspace       used 30243K, committed 30528K, reserved 1081344K
  class space    used 3443K, committed 3584K, reserved 1048576K
}
Event: 5.660 GC heap before
{Heap before GC invocations=11 (full 0):
 garbage-first heap   total 157696K, used 114014K [0x00000000e0000000, 0x0000000100000000)
  region size 1024K, 68 young (69632K), 7 survivors (7168K)
 Metaspace       used 33775K, committed 34112K, reserved 1081344K
  class space    used 3941K, committed 4096K, reserved 1048576K
}
Event: 5.670 GC heap after
{Heap after GC invocations=12 (full 0):
 garbage-first heap   total 157696K, used 57692K [0x00000000e0000000, 0x0000000100000000)
  region size 1024K, 6 young (6144K), 6 survivors (6144K)
 Metaspace       used 33775K, committed 34112K, reserved 1081344K
  class space    used 3941K, committed 4096K, reserved 1048576K
}
Event: 5.675 GC heap before
{Heap before GC invocations=12 (full 0):
 garbage-first heap   total 157696K, used 58716K [0x00000000e0000000, 0x0000000100000000)
  region size 1024K, 7 young (7168K), 6 survivors (6144K)
 Metaspace       used 33792K, committed 34112K, reserved 1081344K
  class space    used 3944K, committed 4096K, reserved 1048576K
}
Event: 5.681 GC heap after
{Heap after GC invocations=13 (full 0):
 garbage-first heap   total 157696K, used 57011K [0x00000000e0000000, 0x0000000100000000)
  region size 1024K, 1 young (1024K), 1 survivors (1024K)
 Metaspace       used 33792K, committed 34112K, reserved 1081344K
  class space    used 3944K, committed 4096K, reserved 1048576K
}

