# JRE version: Java(TM) SE Runtime Environment (17.0.6+9) (build 17.0.6+9-LTS-190)
# Java VM: Java HotSpot(TM) 64-Bit Server VM (17.0.6+9-LTS-190, mixed mode, sharing, tiered, compressed oops, compressed class ptrs, g1 gc, windows-amd64)
GC Precious Log:
 CPUs: 4 total, 4 available
 Memory: 16328M
 Large Page Support: Disabled
 NUMA Support: Disabled
 Compressed Oops: Enabled (32-bit)
 Heap Region Size: 1M
 Heap Min Capacity: 256M
 Heap Initial Capacity: 256M
 Heap Max Capacity: 512M
 Pre-touch: Disabled
 Parallel Workers: 4
 Concurrent Workers: 1
 Concurrent Refinement Workers: 4
 Periodic GC: Disabled
Heap:
 garbage-first heap   total 262144K, used 152064K [0x00000000e0000000, 0x0000000100000000)
  region size 1024K, 72 young (73728K), 3 survivors (3072K)
 Metaspace       used 64444K, committed 65216K, reserved 270336K
  class space    used 8784K, committed 9152K, reserved 212992K
GC Heap History (20 events):
Event: 1.102 GC heap before
{Heap before GC invocations=2 (full 0):
 garbage-first heap   total 262144K, used 31929K [0x00000000e0000000, 0x0000000100000000)
  region size 1024K, 25 young (25600K), 3 survivors (3072K)
 Metaspace       used 3945K, committed 4096K, reserved 221184K
  class space    used 477K, committed 576K, reserved 212992K
}
Event: 1.106 GC heap after
{Heap after GC invocations=3 (full 0):
 garbage-first heap   total 262144K, used 13288K [0x00000000e0000000, 0x0000000100000000)
  region size 1024K, 4 young (4096K), 4 survivors (4096K)
 Metaspace       used 3945K, committed 4096K, reserved 221184K
  class space    used 477K, committed 576K, reserved 212992K
}
Event: 3.542 GC heap before
{Heap before GC invocations=3 (full 0):
 garbage-first heap   total 262144K, used 113640K [0x00000000e0000000, 0x0000000100000000)
  region size 1024K, 103 young (105472K), 4 survivors (4096K)
 Metaspace       used 21261K, committed 21504K, reserved 237568K
  class space    used 3186K, committed 3328K, reserved 212992K
}
Event: 3.551 GC heap after
{Heap after GC invocations=4 (full 0):
 garbage-first heap   total 262144K, used 20707K [0x00000000e0000000, 0x0000000100000000)
  region size 1024K, 12 young (12288K), 12 survivors (12288K)
 Metaspace       used 21261K, committed 21504K, reserved 237568K
  class space    used 3186K, committed 3328K, reserved 212992K
}
Event: 5.340 GC heap before
{Heap before GC invocations=5 (full 0):
 garbage-first heap   total 262144K, used 122083K [0x00000000e0000000, 0x0000000100000000)
  region size 1024K, 109 young (111616K), 12 survivors (12288K)
 Metaspace       used 35752K, committed 36160K, reserved 245760K
  class space    used 4938K, committed 5120K, reserved 212992K
}
Event: 5.356 GC heap after
{Heap after GC invocations=6 (full 0):
 garbage-first heap   total 262144K, used 30217K [0x00000000e0000000, 0x0000000100000000)
  region size 1024K, 10 young (10240K), 10 survivors (10240K)
 Metaspace       used 35752K, committed 36160K, reserved 245760K
  class space    used 4938K, committed 5120K, reserved 212992K
}
Event: 5.395 GC heap before
{Heap before GC invocations=6 (full 0):
 garbage-first heap   total 262144K, used 32265K [0x00000000e0000000, 0x0000000100000000)
  region size 1024K, 12 young (12288K), 10 survivors (10240K)
 Metaspace       used 35996K, committed 36416K, reserved 245760K
  class space    used 4978K, committed 5184K, reserved 212992K
}
Event: 5.408 GC heap after
{Heap after GC invocations=7 (full 0):
 garbage-first heap   total 262144K, used 30499K [0x00000000e0000000, 0x0000000100000000)
  region size 1024K, 1 young (1024K), 1 survivors (1024K)
 Metaspace       used 35996K, committed 36416K, reserved 245760K
  class space    used 4978K, committed 5184K, reserved 212992K
}
Event: 5.422 GC heap before
{Heap before GC invocations=7 (full 0):
 garbage-first heap   total 262144K, used 31523K [0x00000000e0000000, 0x0000000100000000)
  region size 1024K, 3 young (3072K), 1 survivors (1024K)
 Metaspace       used 36102K, committed 36480K, reserved 245760K
  class space    used 5002K, committed 5184K, reserved 212992K
}
Event: 5.424 GC heap after
{Heap after GC invocations=8 (full 0):
 garbage-first heap   total 262144K, used 30004K [0x00000000e0000000, 0x0000000100000000)
  region size 1024K, 1 young (1024K), 1 survivors (1024K)
 Metaspace       used 36102K, committed 36480K, reserved 245760K
  class space    used 5002K, committed 5184K, reserved 212992K
}
Event: 7.667 GC heap before
{Heap before GC invocations=9 (full 0):
 garbage-first heap   total 262144K, used 168244K [0x00000000e0000000, 0x0000000100000000)
  region size 1024K, 136 young (139264K), 1 survivors (1024K)
 Metaspace       used 47311K, committed 47808K, reserved 253952K
  class space    used 6760K, committed 6976K, reserved 212992K
}
Event: 7.685 GC heap after
{Heap after GC invocations=10 (full 0):
 garbage-first heap   total 262144K, used 40678K [0x00000000e0000000, 0x0000000100000000)
  region size 1024K, 11 young (11264K), 11 survivors (11264K)
 Metaspace       used 47311K, committed 47808K, reserved 253952K
  class space    used 6760K, committed 6976K, reserved 212992K
}
Event: 37.154 GC heap before
{Heap before GC invocations=10 (full 0):
 garbage-first heap   total 262144K, used 185062K [0x00000000e0000000, 0x0000000100000000)
  region size 1024K, 153 young (156672K), 11 survivors (11264K)
 Metaspace       used 59902K, committed 60672K, reserved 270336K
  class space    used 8412K, committed 8768K, reserved 212992K
}
Event: 37.183 GC heap after
{Heap after GC invocations=11 (full 0):
 garbage-first heap   total 262144K, used 60800K [0x00000000e0000000, 0x0000000100000000)
  region size 1024K, 20 young (20480K), 20 survivors (20480K)
 Metaspace       used 59902K, committed 60672K, reserved 270336K
  class space    used 8412K, committed 8768K, reserved 212992K
}
Event: 37.493 GC heap before
{Heap before GC invocations=11 (full 0):
 garbage-first heap   total 262144K, used 72064K [0x00000000e0000000, 0x0000000100000000)
  region size 1024K, 32 young (32768K), 20 survivors (20480K)
 Metaspace       used 60417K, committed 61120K, reserved 270336K
  class space    used 8478K, committed 8832K, reserved 212992K
}
Event: 37.513 GC heap after
{Heap after GC invocations=12 (full 0):
 garbage-first heap   total 262144K, used 65848K [0x00000000e0000000, 0x0000000100000000)
  region size 1024K, 5 young (5120K), 5 survivors (5120K)
 Metaspace       used 60417K, committed 61120K, reserved 270336K
  class space    used 8478K, committed 8832K, reserved 212992K
}
Event: 177.325 GC heap before
{Heap before GC invocations=13 (full 0):
 garbage-first heap   total 262144K, used 183608K [0x00000000e0000000, 0x0000000100000000)
  region size 1024K, 121 young (123904K), 5 survivors (5120K)
 Metaspace       used 63494K, committed 64256K, reserved 270336K
  class space    used 8773K, committed 9152K, reserved 212992K
}
Event: 177.345 GC heap after
{Heap after GC invocations=14 (full 0):
 garbage-first heap   total 262144K, used 85504K [0x00000000e0000000, 0x0000000100000000)
  region size 1024K, 16 young (16384K), 16 survivors (16384K)
 Metaspace       used 63494K, committed 64256K, reserved 270336K
  class space    used 8773K, committed 9152K, reserved 212992K
}
Event: 4941.394 GC heap before
{Heap before GC invocations=14 (full 0):
 garbage-first heap   total 262144K, used 187904K [0x00000000e0000000, 0x0000000100000000)
  region size 1024K, 116 young (118784K), 16 survivors (16384K)
 Metaspace       used 64000K, committed 64768K, reserved 270336K
  class space    used 8779K, committed 9152K, reserved 212992K
}
Event: 4941.411 GC heap after
{Heap after GC invocations=15 (full 0):
 garbage-first heap   total 262144K, used 83456K [0x00000000e0000000, 0x0000000100000000)
  region size 1024K, 3 young (3072K), 3 survivors (3072K)
 Metaspace       used 64000K, committed 64768K, reserved 270336K
  class space    used 8779K, committed 9152K, reserved 212992K
}

