# JRE version: Java(TM) SE Runtime Environment (17.0.6+9) (build 17.0.6+9-LTS-190)
# Java VM: Java HotSpot(TM) 64-Bit Server VM (17.0.6+9-LTS-190, mixed mode, sharing, tiered, compressed oops, compressed class ptrs, g1 gc, windows-amd64)
GC Precious Log:
 CPUs: 4 total, 4 available
 Memory: 16328M
 Large Page Support: Disabled
 NUMA Support: Disabled
 Compressed Oops: Enabled (32-bit)
 Heap Region Size: 1M
 Heap Min Capacity: 8M
 Heap Initial Capacity: 256M
 Heap Max Capacity: 512M
 Pre-touch: Disabled
 Parallel Workers: 4
 Concurrent Workers: 1
 Concurrent Refinement Workers: 4
 Periodic GC: Disabled
Heap:
 garbage-first heap   total 119808K, used 81215K [0x00000000e0000000, 0x0000000100000000)
  region size 1024K, 17 young (17408K), 1 survivors (1024K)
 Metaspace       used 37745K, committed 38080K, reserved 1089536K
  class space    used 4513K, committed 4672K, reserved 1048576K
GC Heap History (20 events):
Event: 3.149 GC heap before
{Heap before GC invocations=3 (full 0):
 garbage-first heap   total 262144K, used 123866K [0x00000000e0000000, 0x0000000100000000)
  region size 1024K, 113 young (115712K), 4 survivors (4096K)
 Metaspace       used 18564K, committed 18752K, reserved 1073152K
  class space    used 2002K, committed 2112K, reserved 1048576K
}
Event: 3.170 GC heap after
{Heap after GC invocations=4 (full 0):
 garbage-first heap   total 262144K, used 28805K [0x00000000e0000000, 0x0000000100000000)
  region size 1024K, 15 young (15360K), 15 survivors (15360K)
 Metaspace       used 18564K, committed 18752K, reserved 1073152K
  class space    used 2002K, committed 2112K, reserved 1048576K
}
Event: 3.562 GC heap before
{Heap before GC invocations=4 (full 0):
 garbage-first heap   total 262144K, used 54405K [0x00000000e0000000, 0x0000000100000000)
  region size 1024K, 41 young (41984K), 15 survivors (15360K)
 Metaspace       used 21294K, committed 21504K, reserved 1073152K
  class space    used 2340K, committed 2432K, reserved 1048576K
}
Event: 3.576 GC heap after
{Heap after GC invocations=5 (full 0):
 garbage-first heap   total 262144K, used 33739K [0x00000000e0000000, 0x0000000100000000)
  region size 1024K, 5 young (5120K), 5 survivors (5120K)
 Metaspace       used 21294K, committed 21504K, reserved 1073152K
  class space    used 2340K, committed 2432K, reserved 1048576K
}
Event: 4.426 GC heap before
{Heap before GC invocations=6 (full 0):
 garbage-first heap   total 119808K, used 98251K [0x00000000e0000000, 0x0000000100000000)
  region size 1024K, 69 young (70656K), 5 survivors (5120K)
 Metaspace       used 25484K, committed 25792K, reserved 1073152K
  class space    used 2872K, committed 3008K, reserved 1048576K
}
Event: 4.437 GC heap after
{Heap after GC invocations=7 (full 0):
 garbage-first heap   total 119808K, used 40395K [0x00000000e0000000, 0x0000000100000000)
  region size 1024K, 11 young (11264K), 11 survivors (11264K)
 Metaspace       used 25484K, committed 25792K, reserved 1073152K
  class space    used 2872K, committed 3008K, reserved 1048576K
}
Event: 4.906 GC heap before
{Heap before GC invocations=8 (full 0):
 garbage-first heap   total 119808K, used 86475K [0x00000000e0000000, 0x0000000100000000)
  region size 1024K, 56 young (57344K), 11 survivors (11264K)
 Metaspace       used 27651K, committed 27968K, reserved 1081344K
  class space    used 3157K, committed 3328K, reserved 1048576K
}
Event: 4.918 GC heap after
{Heap after GC invocations=9 (full 0):
 garbage-first heap   total 119808K, used 45578K [0x00000000e0000000, 0x0000000100000000)
  region size 1024K, 6 young (6144K), 6 survivors (6144K)
 Metaspace       used 27651K, committed 27968K, reserved 1081344K
  class space    used 3157K, committed 3328K, reserved 1048576K
}
Event: 4.925 GC heap before
{Heap before GC invocations=9 (full 0):
 garbage-first heap   total 119808K, used 45578K [0x00000000e0000000, 0x0000000100000000)
  region size 1024K, 7 young (7168K), 6 survivors (6144K)
 Metaspace       used 27675K, committed 27968K, reserved 1081344K
  class space    used 3161K, committed 3328K, reserved 1048576K
}
Event: 4.929 GC heap after
{Heap after GC invocations=10 (full 0):
 garbage-first heap   total 119808K, used 46511K [0x00000000e0000000, 0x0000000100000000)
  region size 1024K, 1 young (1024K), 1 survivors (1024K)
 Metaspace       used 27675K, committed 27968K, reserved 1081344K
  class space    used 3161K, committed 3328K, reserved 1048576K
}
Event: 5.328 GC heap before
{Heap before GC invocations=10 (full 0):
 garbage-first heap   total 119808K, used 90543K [0x00000000e0000000, 0x0000000100000000)
  region size 1024K, 44 young (45056K), 1 survivors (1024K)
 Metaspace       used 30745K, committed 31040K, reserved 1081344K
  class space    used 3514K, committed 3648K, reserved 1048576K
}
Event: 5.334 GC heap after
{Heap after GC invocations=11 (full 0):
 garbage-first heap   total 119808K, used 51144K [0x00000000e0000000, 0x0000000100000000)
  region size 1024K, 6 young (6144K), 6 survivors (6144K)
 Metaspace       used 30745K, committed 31040K, reserved 1081344K
  class space    used 3514K, committed 3648K, reserved 1048576K
}
Event: 5.815 GC heap before
{Heap before GC invocations=11 (full 0):
 garbage-first heap   total 119808K, used 91080K [0x00000000e0000000, 0x0000000100000000)
  region size 1024K, 45 young (46080K), 6 survivors (6144K)
 Metaspace       used 33261K, committed 33536K, reserved 1081344K
  class space    used 3870K, committed 4032K, reserved 1048576K
}
Event: 5.821 GC heap after
{Heap after GC invocations=12 (full 0):
 garbage-first heap   total 119808K, used 55061K [0x00000000e0000000, 0x0000000100000000)
  region size 1024K, 4 young (4096K), 4 survivors (4096K)
 Metaspace       used 33261K, committed 33536K, reserved 1081344K
  class space    used 3870K, committed 4032K, reserved 1048576K
}
Event: 6.110 GC heap before
{Heap before GC invocations=12 (full 0):
 garbage-first heap   total 119808K, used 80661K [0x00000000e0000000, 0x0000000100000000)
  region size 1024K, 30 young (30720K), 4 survivors (4096K)
 Metaspace       used 34700K, committed 35008K, reserved 1081344K
  class space    used 4070K, committed 4224K, reserved 1048576K
}
Event: 6.116 GC heap after
{Heap after GC invocations=13 (full 0):
 garbage-first heap   total 119808K, used 57948K [0x00000000e0000000, 0x0000000100000000)
  region size 1024K, 3 young (3072K), 3 survivors (3072K)
 Metaspace       used 34700K, committed 35008K, reserved 1081344K
  class space    used 4070K, committed 4224K, reserved 1048576K
}
Event: 7.820 GC heap before
{Heap before GC invocations=14 (full 0):
 garbage-first heap   total 119808K, used 98908K [0x00000000e0000000, 0x0000000100000000)
  region size 1024K, 38 young (38912K), 3 survivors (3072K)
 Metaspace       used 36560K, committed 36864K, reserved 1081344K
  class space    used 4353K, committed 4480K, reserved 1048576K
}
Event: 7.826 GC heap after
{Heap after GC invocations=15 (full 0):
 garbage-first heap   total 119808K, used 66586K [0x00000000e0000000, 0x0000000100000000)
  region size 1024K, 4 young (4096K), 4 survivors (4096K)
 Metaspace       used 36560K, committed 36864K, reserved 1081344K
  class space    used 4353K, committed 4480K, reserved 1048576K
}
Event: 7.849 GC heap before
{Heap before GC invocations=15 (full 0):
 garbage-first heap   total 119808K, used 67610K [0x00000000e0000000, 0x0000000100000000)
  region size 1024K, 5 young (5120K), 4 survivors (4096K)
 Metaspace       used 36638K, committed 36992K, reserved 1081344K
  class space    used 4370K, committed 4544K, reserved 1048576K
}
Event: 7.853 GC heap after
{Heap after GC invocations=16 (full 0):
 garbage-first heap   total 119808K, used 65855K [0x00000000e0000000, 0x0000000100000000)
  region size 1024K, 1 young (1024K), 1 survivors (1024K)
 Metaspace       used 36638K, committed 36992K, reserved 1081344K
  class space    used 4370K, committed 4544K, reserved 1048576K
}

