# JRE version: Java(TM) SE Runtime Environment (17.0.6+9) (build 17.0.6+9-LTS-190)
# Java VM: Java HotSpot(TM) 64-Bit Server VM (17.0.6+9-LTS-190, mixed mode, sharing, tiered, compressed oops, compressed class ptrs, g1 gc, windows-amd64)
GC Precious Log:
 CPUs: 4 total, 4 available
 Memory: 16328M
 Large Page Support: Disabled
 NUMA Support: Disabled
 Compressed Oops: Enabled (32-bit)
 Heap Region Size: 1M
 Heap Min Capacity: 8M
 Heap Initial Capacity: 256M
 Heap Max Capacity: 512M
 Pre-touch: Disabled
 Parallel Workers: 4
 Concurrent Workers: 1
 Concurrent Refinement Workers: 4
 Periodic GC: Disabled
Heap:
 garbage-first heap   total 122880K, used 67450K [0x00000000e0000000, 0x0000000100000000)
  region size 1024K, 4 young (4096K), 1 survivors (1024K)
 Metaspace       used 39548K, committed 39872K, reserved 1089536K
  class space    used 4756K, committed 4928K, reserved 1048576K
GC Heap History (20 events):
Event: 2.976 GC heap before
{Heap before GC invocations=4 (full 0):
 garbage-first heap   total 262144K, used 76800K [0x00000000e0000000, 0x0000000100000000)
  region size 1024K, 61 young (62464K), 12 survivors (12288K)
 Metaspace       used 21262K, committed 21504K, reserved 1073152K
  class space    used 2339K, committed 2432K, reserved 1048576K
}
Event: 2.993 GC heap after
{Heap after GC invocations=5 (full 0):
 garbage-first heap   total 262144K, used 34544K [0x00000000e0000000, 0x0000000100000000)
  region size 1024K, 7 young (7168K), 7 survivors (7168K)
 Metaspace       used 21262K, committed 21504K, reserved 1073152K
  class space    used 2339K, committed 2432K, reserved 1048576K
}
Event: 4.264 GC heap before
{Heap before GC invocations=6 (full 0):
 garbage-first heap   total 122880K, used 97008K [0x00000000e0000000, 0x0000000100000000)
  region size 1024K, 69 young (70656K), 7 survivors (7168K)
 Metaspace       used 27991K, committed 28224K, reserved 1081344K
  class space    used 3138K, committed 3264K, reserved 1048576K
}
Event: 4.277 GC heap after
{Heap after GC invocations=7 (full 0):
 garbage-first heap   total 122880K, used 43482K [0x00000000e0000000, 0x0000000100000000)
  region size 1024K, 8 young (8192K), 8 survivors (8192K)
 Metaspace       used 27991K, committed 28224K, reserved 1081344K
  class space    used 3138K, committed 3264K, reserved 1048576K
}
Event: 4.834 GC heap before
{Heap before GC invocations=8 (full 0):
 garbage-first heap   total 122880K, used 88538K [0x00000000e0000000, 0x0000000100000000)
  region size 1024K, 52 young (53248K), 8 survivors (8192K)
 Metaspace       used 30392K, committed 30720K, reserved 1081344K
  class space    used 3495K, committed 3648K, reserved 1048576K
}
Event: 4.843 GC heap after
{Heap after GC invocations=9 (full 0):
 garbage-first heap   total 122880K, used 48440K [0x00000000e0000000, 0x0000000100000000)
  region size 1024K, 5 young (5120K), 5 survivors (5120K)
 Metaspace       used 30392K, committed 30720K, reserved 1081344K
  class space    used 3495K, committed 3648K, reserved 1048576K
}
Event: 4.852 GC heap before
{Heap before GC invocations=9 (full 0):
 garbage-first heap   total 122880K, used 49464K [0x00000000e0000000, 0x0000000100000000)
  region size 1024K, 6 young (6144K), 5 survivors (5120K)
 Metaspace       used 30427K, committed 30720K, reserved 1081344K
  class space    used 3501K, committed 3648K, reserved 1048576K
}
Event: 4.856 GC heap after
{Heap after GC invocations=10 (full 0):
 garbage-first heap   total 122880K, used 47314K [0x00000000e0000000, 0x0000000100000000)
  region size 1024K, 1 young (1024K), 1 survivors (1024K)
 Metaspace       used 30427K, committed 30720K, reserved 1081344K
  class space    used 3501K, committed 3648K, reserved 1048576K
}
Event: 5.216 GC heap before
{Heap before GC invocations=10 (full 0):
 garbage-first heap   total 122880K, used 92370K [0x00000000e0000000, 0x0000000100000000)
  region size 1024K, 45 young (46080K), 1 survivors (1024K)
 Metaspace       used 32499K, committed 32768K, reserved 1081344K
  class space    used 3764K, committed 3904K, reserved 1048576K
}
Event: 5.221 GC heap after
{Heap after GC invocations=11 (full 0):
 garbage-first heap   total 122880K, used 51599K [0x00000000e0000000, 0x0000000100000000)
  region size 1024K, 6 young (6144K), 6 survivors (6144K)
 Metaspace       used 32499K, committed 32768K, reserved 1081344K
  class space    used 3764K, committed 3904K, reserved 1048576K
}
Event: 5.679 GC heap before
{Heap before GC invocations=11 (full 0):
 garbage-first heap   total 122880K, used 93583K [0x00000000e0000000, 0x0000000100000000)
  region size 1024K, 47 young (48128K), 6 survivors (6144K)
 Metaspace       used 35147K, committed 35456K, reserved 1081344K
  class space    used 4114K, committed 4288K, reserved 1048576K
}
Event: 5.686 GC heap after
{Heap after GC invocations=12 (full 0):
 garbage-first heap   total 122880K, used 55850K [0x00000000e0000000, 0x0000000100000000)
  region size 1024K, 5 young (5120K), 5 survivors (5120K)
 Metaspace       used 35147K, committed 35456K, reserved 1081344K
  class space    used 4114K, committed 4288K, reserved 1048576K
}
Event: 6.072 GC heap before
{Heap before GC invocations=12 (full 0):
 garbage-first heap   total 122880K, used 94762K [0x00000000e0000000, 0x0000000100000000)
  region size 1024K, 43 young (44032K), 5 survivors (5120K)
 Metaspace       used 37210K, committed 37568K, reserved 1089536K
  class space    used 4395K, committed 4544K, reserved 1048576K
}
Event: 6.078 GC heap after
{Heap after GC invocations=13 (full 0):
 garbage-first heap   total 122880K, used 59447K [0x00000000e0000000, 0x0000000100000000)
  region size 1024K, 4 young (4096K), 4 survivors (4096K)
 Metaspace       used 37210K, committed 37568K, reserved 1089536K
  class space    used 4395K, committed 4544K, reserved 1048576K
}
Event: 6.111 GC heap before
{Heap before GC invocations=13 (full 0):
 garbage-first heap   total 122880K, used 62519K [0x00000000e0000000, 0x0000000100000000)
  region size 1024K, 8 young (8192K), 4 survivors (4096K)
 Metaspace       used 37395K, committed 37696K, reserved 1089536K
  class space    used 4423K, committed 4544K, reserved 1048576K
}
Event: 6.114 GC heap after
{Heap after GC invocations=14 (full 0):
 garbage-first heap   total 122880K, used 59735K [0x00000000e0000000, 0x0000000100000000)
  region size 1024K, 1 young (1024K), 1 survivors (1024K)
 Metaspace       used 37395K, committed 37696K, reserved 1089536K
  class space    used 4423K, committed 4544K, reserved 1048576K
}
Event: 8.281 GC heap before
{Heap before GC invocations=15 (full 0):
 garbage-first heap   total 122880K, used 102743K [0x00000000e0000000, 0x0000000100000000)
  region size 1024K, 38 young (38912K), 1 survivors (1024K)
 Metaspace       used 39344K, committed 39616K, reserved 1089536K
  class space    used 4723K, committed 4864K, reserved 1048576K
}
Event: 8.287 GC heap after
{Heap after GC invocations=16 (full 0):
 garbage-first heap   total 122880K, used 67987K [0x00000000e0000000, 0x0000000100000000)
  region size 1024K, 4 young (4096K), 4 survivors (4096K)
 Metaspace       used 39344K, committed 39616K, reserved 1089536K
  class space    used 4723K, committed 4864K, reserved 1048576K
}
Event: 8.329 GC heap before
{Heap before GC invocations=16 (full 0):
 garbage-first heap   total 122880K, used 70035K [0x00000000e0000000, 0x0000000100000000)
  region size 1024K, 6 young (6144K), 4 survivors (4096K)
 Metaspace       used 39430K, committed 39808K, reserved 1089536K
  class space    used 4741K, committed 4928K, reserved 1048576K
}
Event: 8.334 GC heap after
{Heap after GC invocations=17 (full 0):
 garbage-first heap   total 122880K, used 65402K [0x00000000e0000000, 0x0000000100000000)
  region size 1024K, 1 young (1024K), 1 survivors (1024K)
 Metaspace       used 39430K, committed 39808K, reserved 1089536K
  class space    used 4741K, committed 4928K, reserved 1048576K
}

